CRITICAL - 2025-12-20 15:42:02 --> TypeError: trim(): Argument #1 ($string) must be of type string, array given
[Method: GET, Route: admin/login]
in SYSTEMPATH\Filters\Filters.php on line 918.
 1 SYSTEMPATH\Filters\Filters.php(918): trim([...], '/ ')
 2 SYSTEMPATH\Filters\Filters.php(881): CodeIgniter\Filters\Filters->checkPseudoRegex('admin/login', [...])
 3 SYSTEMPATH\Filters\Filters.php(791): CodeIgniter\Filters\Filters->pathApplies('admin/login', [...])
 4 SYSTEMPATH\Filters\Filters.php(474): CodeIgniter\Filters\Filters->processFilters('admin/login')
 5 SYSTEMPATH\Filters\Filters.php(218): CodeIgniter\Filters\Filters->initialize('admin/login')
 6 SYSTEMPATH\CodeIgniter.php(479): CodeIgniter\Filters\Filters->run('admin/login', 'before')
 7 SYSTEMPATH\CodeIgniter.php(354): CodeIgniter\CodeIgniter->handleRequest(null, Object(Config\Cache), false)
 8 SYSTEMPATH\Boot.php(363): CodeIgniter\CodeIgniter->run()
 9 SYSTEMPATH\Boot.php(68): CodeIgniter\Boot::runCodeIgniter(Object(CodeIgniter\CodeIgniter))
10 FCPATH\index.php(60): CodeIgniter\Boot::bootWeb(Object(Config\Paths))
CRITICAL - 2025-12-20 15:42:10 --> TypeError: trim(): Argument #1 ($string) must be of type string, array given
[Method: GET, Route: admin/logout]
in SYSTEMPATH\Filters\Filters.php on line 918.
 1 SYSTEMPATH\Filters\Filters.php(918): trim([...], '/ ')
 2 SYSTEMPATH\Filters\Filters.php(881): CodeIgniter\Filters\Filters->checkPseudoRegex('admin/logout', [...])
 3 SYSTEMPATH\Filters\Filters.php(791): CodeIgniter\Filters\Filters->pathApplies('admin/logout', [...])
 4 SYSTEMPATH\Filters\Filters.php(474): CodeIgniter\Filters\Filters->processFilters('admin/logout')
 5 SYSTEMPATH\Filters\Filters.php(218): CodeIgniter\Filters\Filters->initialize('admin/logout')
 6 SYSTEMPATH\CodeIgniter.php(479): CodeIgniter\Filters\Filters->run('admin/logout', 'before')
 7 SYSTEMPATH\CodeIgniter.php(354): CodeIgniter\CodeIgniter->handleRequest(null, Object(Config\Cache), false)
 8 SYSTEMPATH\Boot.php(363): CodeIgniter\CodeIgniter->run()
 9 SYSTEMPATH\Boot.php(68): CodeIgniter\Boot::runCodeIgniter(Object(CodeIgniter\CodeIgniter))
10 FCPATH\index.php(60): CodeIgniter\Boot::bootWeb(Object(Config\Paths))
CRITICAL - 2025-12-20 15:42:15 --> TypeError: trim(): Argument #1 ($string) must be of type string, array given
[Method: GET, Route: dashboard]
in SYSTEMPATH\Filters\Filters.php on line 918.
 1 SYSTEMPATH\Filters\Filters.php(918): trim([...], '/ ')
 2 SYSTEMPATH\Filters\Filters.php(881): CodeIgniter\Filters\Filters->checkPseudoRegex('dashboard', [...])
 3 SYSTEMPATH\Filters\Filters.php(791): CodeIgniter\Filters\Filters->pathApplies('dashboard', [...])
 4 SYSTEMPATH\Filters\Filters.php(474): CodeIgniter\Filters\Filters->processFilters('dashboard')
 5 SYSTEMPATH\Filters\Filters.php(218): CodeIgniter\Filters\Filters->initialize('dashboard')
 6 SYSTEMPATH\CodeIgniter.php(479): CodeIgniter\Filters\Filters->run('dashboard', 'before')
 7 SYSTEMPATH\CodeIgniter.php(354): CodeIgniter\CodeIgniter->handleRequest(null, Object(Config\Cache), false)
 8 SYSTEMPATH\Boot.php(363): CodeIgniter\CodeIgniter->run()
 9 SYSTEMPATH\Boot.php(68): CodeIgniter\Boot::runCodeIgniter(Object(CodeIgniter\CodeIgniter))
10 FCPATH\index.php(60): CodeIgniter\Boot::bootWeb(Object(Config\Paths))
CRITICAL - 2025-12-20 15:42:57 --> TypeError: trim(): Argument #1 ($string) must be of type string, array given
[Method: GET, Route: dashboard]
in SYSTEMPATH\Filters\Filters.php on line 918.
 1 SYSTEMPATH\Filters\Filters.php(918): trim([...], '/ ')
 2 SYSTEMPATH\Filters\Filters.php(881): CodeIgniter\Filters\Filters->checkPseudoRegex('dashboard', [...])
 3 SYSTEMPATH\Filters\Filters.php(791): CodeIgniter\Filters\Filters->pathApplies('dashboard', [...])
 4 SYSTEMPATH\Filters\Filters.php(474): CodeIgniter\Filters\Filters->processFilters('dashboard')
 5 SYSTEMPATH\Filters\Filters.php(218): CodeIgniter\Filters\Filters->initialize('dashboard')
 6 SYSTEMPATH\CodeIgniter.php(479): CodeIgniter\Filters\Filters->run('dashboard', 'before')
 7 SYSTEMPATH\CodeIgniter.php(354): CodeIgniter\CodeIgniter->handleRequest(null, Object(Config\Cache), false)
 8 SYSTEMPATH\Boot.php(363): CodeIgniter\CodeIgniter->run()
 9 SYSTEMPATH\Boot.php(68): CodeIgniter\Boot::runCodeIgniter(Object(CodeIgniter\CodeIgniter))
10 FCPATH\index.php(60): CodeIgniter\Boot::bootWeb(Object(Config\Paths))
CRITICAL - 2025-12-20 15:43:56 --> TypeError: trim(): Argument #1 ($string) must be of type string, array given
[Method: GET, Route: dashboard]
in SYSTEMPATH\Filters\Filters.php on line 918.
 1 SYSTEMPATH\Filters\Filters.php(918): trim([...], '/ ')
 2 SYSTEMPATH\Filters\Filters.php(881): CodeIgniter\Filters\Filters->checkPseudoRegex('dashboard', [...])
 3 SYSTEMPATH\Filters\Filters.php(791): CodeIgniter\Filters\Filters->pathApplies('dashboard', [...])
 4 SYSTEMPATH\Filters\Filters.php(474): CodeIgniter\Filters\Filters->processFilters('dashboard')
 5 SYSTEMPATH\Filters\Filters.php(218): CodeIgniter\Filters\Filters->initialize('dashboard')
 6 SYSTEMPATH\CodeIgniter.php(479): CodeIgniter\Filters\Filters->run('dashboard', 'before')
 7 SYSTEMPATH\CodeIgniter.php(354): CodeIgniter\CodeIgniter->handleRequest(null, Object(Config\Cache), false)
 8 SYSTEMPATH\Boot.php(363): CodeIgniter\CodeIgniter->run()
 9 SYSTEMPATH\Boot.php(68): CodeIgniter\Boot::runCodeIgniter(Object(CodeIgniter\CodeIgniter))
10 FCPATH\index.php(60): CodeIgniter\Boot::bootWeb(Object(Config\Paths))
CRITICAL - 2025-12-20 15:44:36 --> TypeError: trim(): Argument #1 ($string) must be of type string, array given
[Method: GET, Route: dashboard]
in SYSTEMPATH\Filters\Filters.php on line 918.
 1 SYSTEMPATH\Filters\Filters.php(918): trim([...], '/ ')
 2 SYSTEMPATH\Filters\Filters.php(881): CodeIgniter\Filters\Filters->checkPseudoRegex('dashboard', [...])
 3 SYSTEMPATH\Filters\Filters.php(791): CodeIgniter\Filters\Filters->pathApplies('dashboard', [...])
 4 SYSTEMPATH\Filters\Filters.php(474): CodeIgniter\Filters\Filters->processFilters('dashboard')
 5 SYSTEMPATH\Filters\Filters.php(218): CodeIgniter\Filters\Filters->initialize('dashboard')
 6 SYSTEMPATH\CodeIgniter.php(479): CodeIgniter\Filters\Filters->run('dashboard', 'before')
 7 SYSTEMPATH\CodeIgniter.php(354): CodeIgniter\CodeIgniter->handleRequest(null, Object(Config\Cache), false)
 8 SYSTEMPATH\Boot.php(363): CodeIgniter\CodeIgniter->run()
 9 SYSTEMPATH\Boot.php(68): CodeIgniter\Boot::runCodeIgniter(Object(CodeIgniter\CodeIgniter))
10 FCPATH\index.php(60): CodeIgniter\Boot::bootWeb(Object(Config\Paths))
CRITICAL - 2025-12-20 15:45:50 --> TypeError: trim(): Argument #1 ($string) must be of type string, array given
[Method: GET, Route: dashboard]
in SYSTEMPATH\Filters\Filters.php on line 918.
 1 SYSTEMPATH\Filters\Filters.php(918): trim([...], '/ ')
 2 SYSTEMPATH\Filters\Filters.php(881): CodeIgniter\Filters\Filters->checkPseudoRegex('dashboard', [...])
 3 SYSTEMPATH\Filters\Filters.php(791): CodeIgniter\Filters\Filters->pathApplies('dashboard', [...])
 4 SYSTEMPATH\Filters\Filters.php(474): CodeIgniter\Filters\Filters->processFilters('dashboard')
 5 SYSTEMPATH\Filters\Filters.php(218): CodeIgniter\Filters\Filters->initialize('dashboard')
 6 SYSTEMPATH\CodeIgniter.php(479): CodeIgniter\Filters\Filters->run('dashboard', 'before')
 7 SYSTEMPATH\CodeIgniter.php(354): CodeIgniter\CodeIgniter->handleRequest(null, Object(Config\Cache), false)
 8 SYSTEMPATH\Boot.php(363): CodeIgniter\CodeIgniter->run()
 9 SYSTEMPATH\Boot.php(68): CodeIgniter\Boot::runCodeIgniter(Object(CodeIgniter\CodeIgniter))
10 FCPATH\index.php(60): CodeIgniter\Boot::bootWeb(Object(Config\Paths))
CRITICAL - 2025-12-20 15:45:56 --> TypeError: trim(): Argument #1 ($string) must be of type string, array given
[Method: GET, Route: admin/login]
in SYSTEMPATH\Filters\Filters.php on line 918.
 1 SYSTEMPATH\Filters\Filters.php(918): trim([...], '/ ')
 2 SYSTEMPATH\Filters\Filters.php(881): CodeIgniter\Filters\Filters->checkPseudoRegex('admin/login', [...])
 3 SYSTEMPATH\Filters\Filters.php(791): CodeIgniter\Filters\Filters->pathApplies('admin/login', [...])
 4 SYSTEMPATH\Filters\Filters.php(474): CodeIgniter\Filters\Filters->processFilters('admin/login')
 5 SYSTEMPATH\Filters\Filters.php(218): CodeIgniter\Filters\Filters->initialize('admin/login')
 6 SYSTEMPATH\CodeIgniter.php(479): CodeIgniter\Filters\Filters->run('admin/login', 'before')
 7 SYSTEMPATH\CodeIgniter.php(354): CodeIgniter\CodeIgniter->handleRequest(null, Object(Config\Cache), false)
 8 SYSTEMPATH\Boot.php(363): CodeIgniter\CodeIgniter->run()
 9 SYSTEMPATH\Boot.php(68): CodeIgniter\Boot::runCodeIgniter(Object(CodeIgniter\CodeIgniter))
10 FCPATH\index.php(60): CodeIgniter\Boot::bootWeb(Object(Config\Paths))
CRITICAL - 2025-12-20 15:47:25 --> TypeError: trim(): Argument #1 ($string) must be of type string, array given
[Method: GET, Route: admin/login]
in SYSTEMPATH\Filters\Filters.php on line 918.
 1 SYSTEMPATH\Filters\Filters.php(918): trim([...], '/ ')
 2 SYSTEMPATH\Filters\Filters.php(881): CodeIgniter\Filters\Filters->checkPseudoRegex('admin/login', [...])
 3 SYSTEMPATH\Filters\Filters.php(791): CodeIgniter\Filters\Filters->pathApplies('admin/login', [...])
 4 SYSTEMPATH\Filters\Filters.php(474): CodeIgniter\Filters\Filters->processFilters('admin/login')
 5 SYSTEMPATH\Filters\Filters.php(218): CodeIgniter\Filters\Filters->initialize('admin/login')
 6 SYSTEMPATH\CodeIgniter.php(479): CodeIgniter\Filters\Filters->run('admin/login', 'before')
 7 SYSTEMPATH\CodeIgniter.php(354): CodeIgniter\CodeIgniter->handleRequest(null, Object(Config\Cache), false)
 8 SYSTEMPATH\Boot.php(363): CodeIgniter\CodeIgniter->run()
 9 SYSTEMPATH\Boot.php(68): CodeIgniter\Boot::runCodeIgniter(Object(CodeIgniter\CodeIgniter))
10 FCPATH\index.php(60): CodeIgniter\Boot::bootWeb(Object(Config\Paths))
CRITICAL - 2025-12-20 15:54:57 --> TypeError: trim(): Argument #1 ($string) must be of type string, array given
[Method: GET, Route: admin/login]
in SYSTEMPATH\Filters\Filters.php on line 918.
 1 SYSTEMPATH\Filters\Filters.php(918): trim([...], '/ ')
 2 SYSTEMPATH\Filters\Filters.php(881): CodeIgniter\Filters\Filters->checkPseudoRegex('admin/login', [...])
 3 SYSTEMPATH\Filters\Filters.php(791): CodeIgniter\Filters\Filters->pathApplies('admin/login', [...])
 4 SYSTEMPATH\Filters\Filters.php(474): CodeIgniter\Filters\Filters->processFilters('admin/login')
 5 SYSTEMPATH\Filters\Filters.php(218): CodeIgniter\Filters\Filters->initialize('admin/login')
 6 SYSTEMPATH\CodeIgniter.php(479): CodeIgniter\Filters\Filters->run('admin/login', 'before')
 7 SYSTEMPATH\CodeIgniter.php(354): CodeIgniter\CodeIgniter->handleRequest(null, Object(Config\Cache), false)
 8 SYSTEMPATH\Boot.php(363): CodeIgniter\CodeIgniter->run()
 9 SYSTEMPATH\Boot.php(68): CodeIgniter\Boot::runCodeIgniter(Object(CodeIgniter\CodeIgniter))
10 FCPATH\index.php(60): CodeIgniter\Boot::bootWeb(Object(Config\Paths))
CRITICAL - 2025-12-20 15:55:25 --> TypeError: trim(): Argument #1 ($string) must be of type string, array given
[Method: GET, Route: admin/logout]
in SYSTEMPATH\Filters\Filters.php on line 918.
 1 SYSTEMPATH\Filters\Filters.php(918): trim([...], '/ ')
 2 SYSTEMPATH\Filters\Filters.php(881): CodeIgniter\Filters\Filters->checkPseudoRegex('admin/logout', [...])
 3 SYSTEMPATH\Filters\Filters.php(791): CodeIgniter\Filters\Filters->pathApplies('admin/logout', [...])
 4 SYSTEMPATH\Filters\Filters.php(474): CodeIgniter\Filters\Filters->processFilters('admin/logout')
 5 SYSTEMPATH\Filters\Filters.php(218): CodeIgniter\Filters\Filters->initialize('admin/logout')
 6 SYSTEMPATH\CodeIgniter.php(479): CodeIgniter\Filters\Filters->run('admin/logout', 'before')
 7 SYSTEMPATH\CodeIgniter.php(354): CodeIgniter\CodeIgniter->handleRequest(null, Object(Config\Cache), false)
 8 SYSTEMPATH\Boot.php(363): CodeIgniter\CodeIgniter->run()
 9 SYSTEMPATH\Boot.php(68): CodeIgniter\Boot::runCodeIgniter(Object(CodeIgniter\CodeIgniter))
10 FCPATH\index.php(60): CodeIgniter\Boot::bootWeb(Object(Config\Paths))
CRITICAL - 2025-12-20 15:55:40 --> TypeError: trim(): Argument #1 ($string) must be of type string, array given
[Method: GET, Route: /]
in SYSTEMPATH\Filters\Filters.php on line 918.
 1 SYSTEMPATH\Filters\Filters.php(918): trim([...], '/ ')
 2 SYSTEMPATH\Filters\Filters.php(881): CodeIgniter\Filters\Filters->checkPseudoRegex('', [...])
 3 SYSTEMPATH\Filters\Filters.php(791): CodeIgniter\Filters\Filters->pathApplies('', [...])
 4 SYSTEMPATH\Filters\Filters.php(474): CodeIgniter\Filters\Filters->processFilters('')
 5 SYSTEMPATH\Filters\Filters.php(218): CodeIgniter\Filters\Filters->initialize('')
 6 SYSTEMPATH\CodeIgniter.php(479): CodeIgniter\Filters\Filters->run('', 'before')
 7 SYSTEMPATH\CodeIgniter.php(354): CodeIgniter\CodeIgniter->handleRequest(null, Object(Config\Cache), false)
 8 SYSTEMPATH\Boot.php(363): CodeIgniter\CodeIgniter->run()
 9 SYSTEMPATH\Boot.php(68): CodeIgniter\Boot::runCodeIgniter(Object(CodeIgniter\CodeIgniter))
10 FCPATH\index.php(60): CodeIgniter\Boot::bootWeb(Object(Config\Paths))
